TN:
SF:src\__mocks__\vscode.ts
FN:4,<instance_members_initializer>
FN:6,event
FN:9,dispose
FN:15,fire
FN:21,dispose
FN:27,Uri
FN:29,file
FN:33,joinPath
FN:40,RelativePattern
FN:47,ThemeColor
FN:51,ThemeIcon
FN:65,TreeItem
FN:72,<instance_members_initializer>
FN:80,CancellationTokenSource
FN:82,get isCancellationRequested
FN:85,onCancellationRequested
FN:89,get
FN:95,cancel
FN:104,dispose
FN:110,clear
FN:111,delete
FN:112,set
FN:113,dispose
FN:117,onDidCreate
FN:121,onDidChange
FN:125,onDidDelete
FN:129,dispose
FN:134,createFileSystemWatcher
FN:137,openTextDocument
FN:143,showInformationMessage
FN:144,showWarningMessage
FN:145,showErrorMessage
FN:146,showQuickPick
FN:149,showInputBox
FN:152,showTextDocument
FN:153,createTerminal
FN:159,createWebviewPanel
FN:181,executeCommand
FN:182,registerCommand
FN:188,selectChatModels
FN:194,User
FNF:41
FNH:15
FNDA:7,<instance_members_initializer>
FNDA:1,event
FNDA:1,dispose
FNDA:2,fire
FNDA:0,dispose
FNDA:5,Uri
FNDA:5,file
FNDA:0,joinPath
FNDA:0,RelativePattern
FNDA:12,ThemeColor
FNDA:23,ThemeIcon
FNDA:23,TreeItem
FNDA:1,<instance_members_initializer>
FNDA:1,CancellationTokenSource
FNDA:0,get isCancellationRequested
FNDA:0,onCancellationRequested
FNDA:2,get
FNDA:1,cancel
FNDA:0,dispose
FNDA:0,clear
FNDA:0,delete
FNDA:0,set
FNDA:0,dispose
FNDA:0,onDidCreate
FNDA:0,onDidChange
FNDA:0,onDidDelete
FNDA:0,dispose
FNDA:1,createFileSystemWatcher
FNDA:1,openTextDocument
FNDA:0,showInformationMessage
FNDA:0,showWarningMessage
FNDA:0,showErrorMessage
FNDA:0,showQuickPick
FNDA:0,showInputBox
FNDA:0,showTextDocument
FNDA:0,createTerminal
FNDA:0,createWebviewPanel
FNDA:0,executeCommand
FNDA:0,registerCommand
FNDA:0,selectChatModels
FNDA:0,User
DA:3,1
DA:4,1
DA:6,7
DA:7,1
DA:8,1
DA:9,1
DA:10,1
DA:11,1
DA:12,1
DA:13,1
DA:15,1
DA:16,2
DA:17,1
DA:18,1
DA:19,2
DA:21,1
DA:22,0
DA:23,0
DA:24,1
DA:26,1
DA:27,1
DA:29,1
DA:30,5
DA:31,5
DA:33,1
DA:34,0
DA:35,0
DA:36,0
DA:37,1
DA:39,1
DA:40,1
DA:41,0
DA:42,0
DA:43,0
DA:44,1
DA:46,1
DA:47,1
DA:48,1
DA:50,1
DA:51,1
DA:52,23
DA:53,23
DA:54,23
DA:55,1
DA:57,1
DA:58,1
DA:59,1
DA:60,1
DA:61,1
DA:62,1
DA:63,1
DA:65,1
DA:66,23
DA:67,23
DA:68,23
DA:69,1
DA:71,1
DA:72,1
DA:73,1
DA:75,1
DA:80,1
DA:81,1
DA:82,1
DA:83,0
DA:84,0
DA:85,1
DA:86,1
DA:88,1
DA:89,1
DA:90,1
DA:91,1
DA:92,1
DA:93,1
DA:95,1
DA:96,1
DA:97,0
DA:98,0
DA:100,1
DA:101,1
DA:102,1
DA:104,1
DA:105,0
DA:106,0
DA:107,1
DA:109,1
DA:110,1
DA:111,1
DA:112,1
DA:113,1
DA:114,1
DA:116,1
DA:117,1
DA:118,0
DA:119,0
DA:121,1
DA:122,0
DA:123,0
DA:125,1
DA:126,0
DA:127,0
DA:129,1
DA:130,1
DA:132,1
DA:133,1
DA:134,1
DA:135,1
DA:136,1
DA:137,1
DA:138,1
DA:139,1
DA:140,1
DA:142,1
DA:143,1
DA:144,1
DA:145,1
DA:146,1
DA:147,0
DA:148,0
DA:149,1
DA:150,0
DA:151,0
DA:152,1
DA:153,1
DA:154,0
DA:155,0
DA:156,0
DA:157,0
DA:158,0
DA:159,1
DA:160,0
DA:161,0
DA:162,0
DA:163,0
DA:164,0
DA:165,0
DA:166,0
DA:167,0
DA:168,0
DA:169,0
DA:170,0
DA:171,0
DA:172,0
DA:173,0
DA:174,0
DA:175,0
DA:176,0
DA:177,0
DA:178,1
DA:180,1
DA:181,1
DA:182,1
DA:183,0
DA:184,0
DA:185,1
DA:187,1
DA:188,1
DA:189,0
DA:190,0
DA:191,1
DA:193,1
DA:194,1
DA:195,0
DA:196,0
DA:197,1
DA:199,1
DA:200,1
DA:201,1
DA:202,1
DA:203,1
DA:205,1
DA:206,1
DA:207,1
DA:209,1
DA:210,1
DA:211,1
DA:212,1
DA:213,1
DA:214,1
DA:215,1
DA:216,1
DA:217,1
DA:218,1
DA:219,1
DA:220,1
DA:221,1
DA:222,1
DA:223,1
DA:224,1
DA:225,1
DA:226,1
DA:228,1
LF:191
LH:138
BRDA:4,0,0,7
BRDA:6,1,0,1
BRDA:9,2,0,1
BRDA:15,3,0,2
BRDA:16,4,0,1
BRDA:27,5,0,5
BRDA:29,6,0,5
BRDA:47,7,0,12
BRDA:51,8,0,23
BRDA:65,9,0,23
BRDA:72,10,0,1
BRDA:80,11,0,1
BRDA:89,12,0,2
BRDA:95,13,0,1
BRDA:96,14,0,0
BRDA:134,15,0,1
BRDA:137,16,0,1
BRF:17
BRH:16
end_of_record
TN:
SF:src\agents\registry.ts
FN:4,matchesCapabilityFilter
FN:41,<instance_members_initializer>
FN:43,register
FN:52,deregister
FN:64,get
FN:68,listAll
FN:72,findByCapability
FNF:7
FNH:7
FNDA:9,matchesCapabilityFilter
FNDA:5,<instance_members_initializer>
FNDA:10,register
FNDA:2,deregister
FNDA:2,get
FNDA:5,listAll
FNDA:3,findByCapability
DA:1,1
DA:4,9
DA:5,9
DA:6,9
DA:7,9
DA:8,9
DA:9,1
DA:10,1
DA:12,8
DA:13,8
DA:14,5
DA:15,9
DA:16,2
DA:17,2
DA:19,9
DA:20,1
DA:21,1
DA:23,5
DA:24,5
DA:25,2
DA:26,9
DA:27,0
DA:28,0
DA:30,5
DA:31,5
DA:32,5
DA:33,1
DA:34,1
DA:35,5
DA:37,4
DA:38,4
DA:40,1
DA:41,1
DA:43,1
DA:44,10
DA:45,1
DA:46,1
DA:48,9
DA:49,9
DA:50,10
DA:52,1
DA:53,2
DA:54,2
DA:55,1
DA:56,1
DA:58,1
DA:59,1
DA:60,1
DA:61,1
DA:62,2
DA:64,1
DA:65,2
DA:66,2
DA:68,1
DA:69,5
DA:70,5
DA:72,1
DA:73,3
DA:74,9
DA:75,3
DA:76,3
DA:77,1
LF:62
LH:60
BRDA:4,0,0,9
BRDA:8,1,0,3
BRDA:8,2,0,1
BRDA:10,3,0,8
BRDA:13,4,0,5
BRDA:15,5,0,2
BRDA:17,6,0,6
BRDA:19,7,0,3
BRDA:19,8,0,1
BRDA:21,9,0,5
BRDA:24,10,0,2
BRDA:26,11,0,0
BRDA:28,12,0,5
BRDA:32,13,0,1
BRDA:35,14,0,4
BRDA:31,15,0,6
BRDA:41,16,0,5
BRDA:43,17,0,10
BRDA:44,18,0,1
BRDA:46,19,0,9
BRDA:52,20,0,2
BRDA:54,21,0,1
BRDA:64,22,0,2
BRDA:68,23,0,5
BRDA:72,24,0,3
BRDA:73,25,0,9
BRF:26
BRH:25
end_of_record
TN:
SF:src\parser\workpack-parser.ts
FN:73,warn
FN:82,isRecord
FN:86,asString
FN:90,asStringArray
FN:107,isSemverProtocolVersion
FN:111,pathExists
FN:120,resolveSchemaPath
FN:138,formatSchemaErrors
FN:153,getSchemaValidator
FN:210,validatePayloadAgainstSchema
FN:233,parseJson
FN:242,readJsonFile
FN:256,readTextFile
FN:269,parsePromptEntry
FN:300,mapWorkpackMeta
FN:384,mapPromptStatusEntry
FN:429,mapExecutionLogEntry
FN:456,mapWorkpackState
FN:525,parseListFromBracketNotation
FN:545,parseEffort
FN:552,parseRequestProtocolVersion
FN:574,parseDeliveryModeFromRequest
FN:604,parseTargetBranchFromRequest
FN:612,parseShortSlugFromRequest
FN:617,parseSummaryFromRequest
FN:634,humanizeSlug
FN:643,parseWbsMetadata
FN:686,parseDagPromptsFromPlan
FN:756,parseRequiresWorkpackFromPlan
FN:765,inferCreatedAtFromFolderName
FN:774,buildLegacyMeta
FN:796,parseWorkpackMeta
FN:811,parseWorkpackState
FN:826,parseWorkpackMarkdownFallback
FN:887,parseWorkpackInstance
FNF:35
FNH:34
FNDA:1,warn
FNDA:18,isRecord
FNDA:50,asString
FNDA:18,asStringArray
FNDA:2,isSemverProtocolVersion
FNDA:25,pathExists
FNDA:5,resolveSchemaPath
FNDA:1,formatSchemaErrors
FNDA:5,getSchemaValidator
FNDA:5,validatePayloadAgainstSchema
FNDA:7,parseJson
FNDA:10,readJsonFile
FNDA:6,readTextFile
FNDA:4,parsePromptEntry
FNDA:2,mapWorkpackMeta
FNDA:4,mapPromptStatusEntry
FNDA:2,mapExecutionLogEntry
FNDA:2,mapWorkpackState
FNDA:10,parseListFromBracketNotation
FNDA:0,parseEffort
FNDA:2,parseRequestProtocolVersion
FNDA:2,parseDeliveryModeFromRequest
FNDA:2,parseTargetBranchFromRequest
FNDA:2,parseShortSlugFromRequest
FNDA:2,parseSummaryFromRequest
FNDA:2,humanizeSlug
FNDA:2,parseWbsMetadata
FNDA:2,parseDagPromptsFromPlan
FNDA:2,parseRequiresWorkpackFromPlan
FNDA:1,inferCreatedAtFromFolderName
FNDA:1,buildLegacyMeta
FNDA:4,parseWorkpackMeta
FNDA:4,parseWorkpackState
FNDA:3,parseWorkpackMarkdownFallback
FNDA:3,parseWorkpackInstance
DA:1,1
DA:2,1
DA:4,1
DA:5,1
DA:21,1
DA:22,1
DA:23,1
DA:24,1
DA:25,1
DA:26,1
DA:27,1
DA:28,1
DA:29,1
DA:31,1
DA:32,1
DA:33,1
DA:34,1
DA:35,1
DA:36,1
DA:37,1
DA:38,1
DA:39,1
DA:40,1
DA:41,1
DA:42,1
DA:43,1
DA:44,1
DA:45,1
DA:46,1
DA:47,1
DA:48,1
DA:49,1
DA:50,1
DA:51,1
DA:52,1
DA:53,1
DA:54,1
DA:55,1
DA:56,1
DA:57,1
DA:58,1
DA:59,1
DA:60,1
DA:61,1
DA:62,1
DA:63,1
DA:64,1
DA:65,1
DA:66,1
DA:73,1
DA:74,1
DA:75,0
DA:76,0
DA:77,0
DA:79,1
DA:80,1
DA:82,18
DA:83,18
DA:84,18
DA:86,50
DA:87,50
DA:88,50
DA:90,18
DA:91,18
DA:92,0
DA:93,0
DA:95,18
DA:96,18
DA:97,14
DA:98,0
DA:99,0
DA:101,14
DA:102,14
DA:104,18
DA:105,18
DA:107,2
DA:108,2
DA:109,2
DA:111,25
DA:112,25
DA:113,25
DA:114,5
DA:115,25
DA:116,20
DA:117,20
DA:118,25
DA:120,5
DA:121,5
DA:123,5
DA:124,25
DA:125,25
DA:126,5
DA:127,5
DA:129,20
DA:130,25
DA:131,0
DA:132,0
DA:134,20
DA:135,20
DA:136,5
DA:138,1
DA:139,1
DA:140,0
DA:141,0
DA:143,1
DA:144,1
DA:145,1
DA:146,3
DA:147,3
DA:148,3
DA:149,1
DA:150,1
DA:151,1
DA:153,5
DA:154,5
DA:155,5
DA:156,5
DA:157,5
DA:158,5
DA:159,0
DA:160,0
DA:161,0
DA:163,5
DA:164,5
DA:165,3
DA:166,3
DA:168,2
DA:169,5
DA:170,0
DA:171,0
DA:173,2
DA:174,2
DA:175,2
DA:176,0
DA:177,0
DA:178,0
DA:180,2
DA:181,2
DA:182,2
DA:183,2
DA:184,2
DA:185,0
DA:186,0
DA:187,0
DA:188,0
DA:190,0
DA:191,0
DA:192,0
DA:193,0
DA:194,0
DA:196,0
DA:197,0
DA:198,0
DA:199,2
DA:201,2
DA:203,2
DA:204,2
DA:205,2
DA:206,2
DA:207,2
DA:208,5
DA:210,5
DA:211,5
DA:212,5
DA:213,5
DA:214,5
DA:215,5
DA:216,5
DA:217,5
DA:218,0
DA:219,0
DA:221,5
DA:222,5
DA:223,1
DA:224,1
DA:225,1
DA:226,1
DA:227,1
DA:228,1
DA:230,5
DA:231,5
DA:233,7
DA:234,7
DA:235,7
DA:236,7
DA:237,0
DA:238,0
DA:239,0
DA:240,7
DA:242,10
DA:243,10
DA:244,10
DA:245,7
DA:246,10
DA:247,3
DA:248,3
DA:249,3
DA:251,0
DA:252,0
DA:253,0
DA:254,10
DA:256,6
DA:257,6
DA:258,6
DA:259,6
DA:260,2
DA:261,2
DA:262,2
DA:264,0
DA:265,0
DA:266,0
DA:267,6
DA:269,4
DA:270,4
DA:271,0
DA:272,0
DA:273,0
DA:275,4
DA:276,4
DA:277,4
DA:278,4
DA:279,4
DA:281,4
DA:282,0
DA:283,0
DA:284,0
DA:286,4
DA:287,0
DA:288,0
DA:289,0
DA:291,4
DA:292,4
DA:293,4
DA:294,4
DA:295,4
DA:296,4
DA:297,4
DA:298,4
DA:300,2
DA:301,2
DA:302,0
DA:303,0
DA:304,0
DA:306,2
DA:307,2
DA:308,2
DA:309,2
DA:310,2
DA:311,2
DA:312,2
DA:313,2
DA:314,2
DA:315,2
DA:316,2
DA:317,2
DA:318,2
DA:319,2
DA:320,2
DA:322,2
DA:323,2
DA:324,2
DA:325,2
DA:326,2
DA:327,2
DA:328,2
DA:329,2
DA:330,2
DA:331,2
DA:332,2
DA:333,2
DA:334,2
DA:335,2
DA:336,2
DA:337,2
DA:338,0
DA:339,0
DA:340,0
DA:342,2
DA:343,0
DA:344,0
DA:345,0
DA:347,2
DA:348,0
DA:349,0
DA:350,0
DA:352,2
DA:353,0
DA:354,0
DA:355,0
DA:357,2
DA:358,2
DA:359,2
DA:361,2
DA:362,0
DA:363,0
DA:365,2
DA:366,2
DA:367,2
DA:368,2
DA:369,2
DA:370,2
DA:371,2
DA:372,2
DA:373,2
DA:374,2
DA:375,2
DA:376,2
DA:377,2
DA:378,2
DA:379,2
DA:380,2
DA:381,2
DA:382,2
DA:384,4
DA:385,4
DA:386,0
DA:387,0
DA:388,0
DA:390,4
DA:391,4
DA:392,0
DA:393,0
DA:394,0
DA:396,4
DA:397,4
DA:398,4
DA:399,4
DA:400,4
DA:402,4
DA:403,4
DA:404,4
DA:406,4
DA:407,4
DA:408,4
DA:410,4
DA:411,4
DA:412,4
DA:414,4
DA:415,4
DA:416,4
DA:418,4
DA:419,2
DA:420,2
DA:422,4
DA:423,0
DA:424,0
DA:426,4
DA:427,4
DA:429,2
DA:430,2
DA:431,0
DA:432,0
DA:433,0
DA:435,2
DA:436,2
DA:438,2
DA:439,0
DA:440,0
DA:441,0
DA:443,2
DA:444,2
DA:445,2
DA:447,2
DA:448,2
DA:449,2
DA:450,2
DA:451,2
DA:452,2
DA:453,2
DA:454,2
DA:456,2
DA:457,2
DA:458,0
DA:459,0
DA:460,0
DA:462,2
DA:463,2
DA:464,2
DA:465,2
DA:466,2
DA:467,2
DA:468,2
DA:469,2
DA:471,2
DA:472,2
DA:473,2
DA:474,2
DA:475,2
DA:476,2
DA:477,2
DA:478,2
DA:479,2
DA:480,2
DA:481,0
DA:482,0
DA:483,0
DA:485,2
DA:486,2
DA:487,4
DA:488,4
DA:489,0
DA:490,0
DA:492,4
DA:493,4
DA:495,2
DA:496,2
DA:497,2
DA:498,0
DA:499,0
DA:500,0
DA:502,2
DA:503,2
DA:505,2
DA:506,2
DA:507,2
DA:509,2
DA:510,0
DA:511,0
DA:513,2
DA:514,2
DA:515,2
DA:516,2
DA:517,2
DA:518,2
DA:519,2
DA:520,2
DA:521,2
DA:522,2
DA:523,2
DA:525,10
DA:526,10
DA:527,10
DA:528,2
DA:529,2
DA:531,8
DA:532,8
DA:533,0
DA:535,10
DA:536,0
DA:537,0
DA:539,8
DA:540,8
DA:541,8
DA:542,8
DA:543,8
DA:545,0
DA:546,0
DA:547,0
DA:548,0
DA:549,0
DA:550,0
DA:552,2
DA:553,2
DA:554,2
DA:555,0
DA:556,0
DA:558,2
DA:559,2
DA:560,2
DA:561,2
DA:563,0
DA:564,0
DA:565,0
DA:567,0
DA:568,0
DA:569,0
DA:571,0
DA:572,0
DA:574,2
DA:575,2
DA:576,2
DA:577,2
DA:578,2
DA:579,0
DA:580,0
DA:582,2
DA:583,2
DA:585,0
DA:586,0
DA:587,0
DA:588,0
DA:589,0
DA:590,0
DA:592,0
DA:593,0
DA:594,0
DA:596,0
DA:597,0
DA:598,0
DA:599,0
DA:601,0
DA:602,0
DA:604,2
DA:605,2
DA:606,2
DA:607,0
DA:609,2
DA:610,2
DA:612,2
DA:613,2
DA:614,2
DA:615,2
DA:617,2
DA:618,2
DA:619,2
DA:620,0
DA:621,0
DA:623,2
DA:624,2
DA:625,2
DA:626,2
DA:627,2
DA:628,2
DA:630,2
DA:631,2
DA:632,2
DA:634,2
DA:635,2
DA:636,2
DA:637,2
DA:638,2
DA:639,2
DA:640,2
DA:641,2
DA:643,2
DA:644,2
DA:645,2
DA:647,2
DA:648,26
DA:649,26
DA:650,26
DA:651,26
DA:653,0
DA:654,0
DA:655,0
DA:656,0
DA:657,0
DA:658,0
DA:660,0
DA:661,0
DA:662,0
DA:663,0
DA:665,0
DA:666,0
DA:667,0
DA:669,0
DA:670,0
DA:671,0
DA:673,0
DA:674,0
DA:675,0
DA:677,0
DA:678,0
DA:680,0
DA:681,0
DA:683,26
DA:684,26
DA:686,2
DA:687,2
DA:688,2
DA:689,2
DA:691,2
DA:692,10
DA:693,10
DA:694,8
DA:695,8
DA:697,2
DA:698,10
DA:699,0
DA:700,0
DA:702,2
DA:703,10
DA:704,6
DA:705,6
DA:706,2
DA:707,2
DA:709,4
DA:710,4
DA:711,4
DA:712,4
DA:714,6
DA:715,0
DA:716,0
DA:718,4
DA:719,6
DA:720,0
DA:721,0
DA:723,4
DA:724,4
DA:725,4
DA:727,4
DA:728,4
DA:729,6
DA:730,6
DA:731,6
DA:732,6
DA:733,6
DA:734,6
DA:736,2
DA:737,2
DA:739,2
DA:740,2
DA:741,2
DA:743,0
DA:744,0
DA:745,0
DA:746,0
DA:747,0
DA:748,0
DA:749,0
DA:750,0
DA:751,0
DA:753,0
DA:754,0
DA:756,2
DA:757,2
DA:758,2
DA:759,2
DA:760,2
DA:762,0
DA:763,0
DA:765,1
DA:766,1
DA:767,1
DA:768,0
DA:769,0
DA:771,1
DA:772,1
DA:774,1
DA:775,1
DA:777,1
DA:778,1
DA:779,1
DA:780,1
DA:781,1
DA:782,1
DA:783,1
DA:784,1
DA:785,1
DA:786,1
DA:787,1
DA:788,1
DA:789,1
DA:790,1
DA:791,1
DA:792,1
DA:793,1
DA:794,1
DA:796,4
DA:797,4
DA:798,4
DA:799,4
DA:800,1
DA:801,1
DA:803,3
DA:804,4
DA:805,1
DA:806,1
DA:808,2
DA:809,2
DA:811,4
DA:812,4
DA:813,4
DA:814,4
DA:815,2
DA:816,2
DA:818,2
DA:819,4
DA:820,0
DA:821,0
DA:823,2
DA:824,2
DA:826,3
DA:827,3
DA:828,3
DA:829,3
DA:831,3
DA:832,3
DA:833,1
DA:834,1
DA:836,2
DA:838,2
DA:839,2
DA:840,2
DA:841,2
DA:842,2
DA:843,0
DA:844,0
DA:845,2
DA:847,2
DA:848,2
DA:849,2
DA:850,2
DA:852,2
DA:853,2
DA:854,2
DA:855,2
DA:857,2
DA:858,2
DA:859,2
DA:860,2
DA:862,2
DA:863,2
DA:864,2
DA:865,2
DA:866,2
DA:868,2
DA:869,2
DA:870,2
DA:871,2
DA:872,2
DA:874,2
DA:875,2
DA:876,2
DA:877,2
DA:879,2
DA:880,2
DA:881,2
DA:882,2
DA:884,2
DA:885,2
DA:887,3
DA:888,3
DA:889,3
DA:890,3
DA:892,3
DA:893,1
DA:894,1
DA:895,1
DA:896,1
DA:897,1
DA:898,1
DA:899,1
DA:900,1
DA:902,2
DA:903,3
DA:904,1
DA:905,1
DA:907,1
DA:908,3
DA:910,3
DA:911,3
DA:912,3
DA:913,3
DA:914,3
DA:915,3
DA:916,3
DA:917,3
LF:748
LH:566
BRDA:73,0,0,1
BRDA:74,1,0,0
BRDA:82,2,0,18
BRDA:86,3,0,50
BRDA:87,4,0,48
BRDA:87,5,0,2
BRDA:90,6,0,18
BRDA:91,7,0,0
BRDA:96,8,0,14
BRDA:97,9,0,0
BRDA:107,10,0,2
BRDA:111,11,0,25
BRDA:113,12,0,5
BRDA:115,13,0,20
BRDA:120,14,0,5
BRDA:123,15,0,25
BRDA:125,16,0,5
BRDA:127,17,0,20
BRDA:130,18,0,0
BRDA:132,19,0,20
BRDA:138,20,0,1
BRDA:139,21,0,0
BRDA:145,22,0,3
BRDA:147,23,0,0
BRDA:153,24,0,5
BRDA:158,25,0,0
BRDA:164,26,0,3
BRDA:166,27,0,2
BRDA:169,28,0,0
BRDA:171,29,0,2
BRDA:173,30,0,2
BRDA:175,31,0,0
BRDA:184,32,0,0
BRDA:210,33,0,5
BRDA:217,34,0,0
BRDA:222,35,0,1
BRDA:233,36,0,7
BRDA:236,37,0,0
BRDA:242,38,0,10
BRDA:244,39,0,7
BRDA:246,40,0,3
BRDA:249,41,0,0
BRDA:256,42,0,6
BRDA:259,43,0,2
BRDA:262,44,0,0
BRDA:269,45,0,4
BRDA:270,46,0,0
BRDA:281,47,0,0
BRDA:286,48,0,0
BRDA:300,49,0,2
BRDA:301,50,0,0
BRDA:337,51,0,0
BRDA:342,52,0,0
BRDA:347,53,0,0
BRDA:352,54,0,0
BRDA:361,55,0,0
BRDA:358,56,0,4
BRDA:359,57,0,4
BRDA:384,58,0,4
BRDA:385,59,0,0
BRDA:391,60,0,0
BRDA:410,61,0,0
BRDA:414,62,0,2
BRDA:418,63,0,2
BRDA:422,64,0,0
BRDA:429,65,0,2
BRDA:430,66,0,0
BRDA:438,67,0,0
BRDA:450,68,0,0
BRDA:451,69,0,0
BRDA:451,70,0,0
BRDA:452,71,0,0
BRDA:452,72,0,0
BRDA:456,73,0,2
BRDA:457,74,0,0
BRDA:480,75,0,0
BRDA:486,76,0,4
BRDA:488,77,0,0
BRDA:497,78,0,0
BRDA:509,79,0,0
BRDA:521,80,0,0
BRDA:506,81,0,2
BRDA:507,82,0,2
BRDA:525,83,0,10
BRDA:527,84,0,2
BRDA:529,85,0,8
BRDA:531,86,0,8
BRDA:532,87,0,0
BRDA:535,88,0,0
BRDA:537,89,0,8
BRDA:541,90,0,8
BRDA:542,91,0,8
BRDA:552,92,0,2
BRDA:554,93,0,0
BRDA:561,94,0,0
BRDA:574,95,0,2
BRDA:578,96,0,0
BRDA:583,97,0,0
BRDA:604,98,0,2
BRDA:606,99,0,0
BRDA:609,100,0,0
BRDA:612,101,0,2
BRDA:614,102,0,0
BRDA:617,103,0,2
BRDA:619,104,0,0
BRDA:631,105,0,0
BRDA:625,106,0,18
BRDA:626,107,0,18
BRDA:627,108,0,10
BRDA:628,109,0,8
BRDA:630,110,0,2
BRDA:634,111,0,2
BRDA:638,112,0,4
BRDA:639,113,0,4
BRDA:643,114,0,2
BRDA:647,115,0,26
BRDA:649,116,0,8
BRDA:651,117,0,0
BRDA:686,118,0,2
BRDA:691,119,0,10
BRDA:693,120,0,8
BRDA:695,121,0,2
BRDA:698,122,0,0
BRDA:700,123,0,2
BRDA:703,124,0,6
BRDA:705,125,0,2
BRDA:707,126,0,4
BRDA:714,127,0,0
BRDA:716,128,0,4
BRDA:719,129,0,0
BRDA:721,130,0,4
BRDA:729,131,0,0
BRDA:729,132,0,4
BRDA:732,133,0,0
BRDA:732,134,0,4
BRDA:734,135,0,2
BRDA:741,136,0,0
BRDA:711,137,0,20
BRDA:712,138,0,20
BRDA:756,139,0,2
BRDA:760,140,0,0
BRDA:765,141,0,1
BRDA:767,142,0,0
BRDA:774,143,0,1
BRDA:780,144,0,0
BRDA:781,145,0,0
BRDA:786,146,0,0
BRDA:789,147,0,0
BRDA:790,148,0,0
BRDA:791,149,0,0
BRDA:792,150,0,0
BRDA:796,151,0,4
BRDA:799,152,0,1
BRDA:801,153,0,3
BRDA:804,154,0,1
BRDA:806,155,0,2
BRDA:811,156,0,4
BRDA:814,157,0,2
BRDA:819,158,0,0
BRDA:821,159,0,2
BRDA:826,160,0,3
BRDA:832,161,0,1
BRDA:832,162,0,1
BRDA:834,163,0,2
BRDA:842,164,0,0
BRDA:880,165,0,4
BRDA:887,166,0,3
BRDA:892,167,0,1
BRDA:900,168,0,2
BRDA:903,169,0,1
BRDA:908,170,0,0
BRF:171
BRH:101
end_of_record
TN:
SF:src\state\output-scanner.ts
FN:44,validateOutputPayload
FN:64,scanOutputs
FNF:2
FNH:2
FNDA:1,validateOutputPayload
FNDA:3,scanOutputs
DA:1,1
DA:2,1
DA:44,1
DA:45,1
DA:46,0
DA:47,0
DA:49,1
DA:50,1
DA:51,0
DA:52,0
DA:54,1
DA:55,0
DA:56,0
DA:58,1
DA:59,1
DA:64,1
DA:65,3
DA:66,3
DA:68,3
DA:69,0
DA:70,0
DA:72,3
DA:73,3
DA:74,1
DA:75,0
DA:76,0
DA:78,1
DA:79,1
DA:80,1
DA:81,1
DA:82,1
DA:83,1
DA:84,1
DA:86,1
DA:87,1
DA:88,1
DA:89,1
DA:90,1
DA:91,0
DA:92,0
DA:93,0
DA:94,1
DA:95,0
DA:96,0
DA:97,0
DA:99,1
DA:100,1
DA:101,1
DA:103,3
DA:104,3
LF:50
LH:34
BRDA:44,0,0,1
BRDA:45,1,0,0
BRDA:50,2,0,0
BRDA:54,3,0,0
BRDA:64,4,0,3
BRDA:68,5,0,0
BRDA:73,6,0,1
BRDA:74,7,0,0
BRDA:90,8,0,0
BRDA:94,9,0,0
BRF:10
BRH:3
end_of_record
TN:
SF:src\state\reconciliation-engine.ts
FN:30,evaluateOverallStatusConsistency
FN:88,reconcile
FNF:2
FNH:2
FNDA:3,evaluateOverallStatusConsistency
FNDA:3,reconcile
DA:1,1
DA:3,1
DA:4,1
DA:30,3
DA:31,3
DA:32,3
DA:33,0
DA:34,0
DA:36,3
DA:37,3
DA:38,3
DA:39,3
DA:40,3
DA:42,3
DA:43,0
DA:44,0
DA:46,3
DA:47,3
DA:48,2
DA:49,2
DA:50,1
DA:51,1
DA:52,1
DA:53,0
DA:54,0
DA:56,0
DA:57,0
DA:58,0
DA:59,0
DA:60,0
DA:62,0
DA:63,0
DA:64,0
DA:65,0
DA:66,0
DA:67,0
DA:68,0
DA:69,0
DA:70,0
DA:72,0
DA:73,0
DA:74,0
DA:75,0
DA:76,0
DA:77,0
DA:78,0
DA:79,0
DA:80,0
DA:82,0
DA:83,0
DA:88,1
DA:89,3
DA:91,3
DA:92,3
DA:94,3
DA:95,3
DA:96,3
DA:97,3
DA:98,0
DA:99,0
DA:100,0
DA:101,0
DA:102,0
DA:103,0
DA:104,0
DA:105,0
DA:107,3
DA:108,3
DA:109,1
DA:110,0
DA:111,0
DA:112,0
DA:113,0
DA:114,0
DA:115,0
DA:116,0
DA:117,0
DA:118,1
DA:120,3
DA:121,0
DA:122,0
DA:123,0
DA:124,0
DA:125,0
DA:126,0
DA:127,0
DA:128,0
DA:129,0
DA:130,0
DA:131,0
DA:132,0
DA:134,3
DA:135,3
DA:136,3
DA:137,3
DA:138,3
DA:140,3
DA:141,3
DA:142,3
DA:143,3
DA:145,3
DA:146,1
DA:147,1
DA:148,1
DA:149,1
DA:150,1
DA:151,1
DA:152,1
DA:153,1
DA:155,3
DA:156,1
DA:157,1
DA:158,1
DA:159,1
DA:160,1
DA:161,1
DA:162,1
DA:163,1
DA:165,3
DA:166,1
DA:167,1
DA:168,1
DA:169,1
DA:170,1
DA:171,1
DA:172,1
DA:173,1
DA:174,3
DA:176,3
DA:177,3
DA:178,3
DA:179,3
DA:180,3
DA:181,3
DA:182,3
DA:183,3
DA:184,3
DA:185,3
DA:187,3
DA:188,3
DA:189,1
DA:190,1
DA:192,2
DA:193,2
DA:194,2
DA:196,0
DA:197,0
LF:147
LH:86
BRDA:30,0,0,3
BRDA:32,1,0,0
BRDA:42,2,0,0
BRDA:47,3,0,2
BRDA:49,4,0,1
BRDA:52,5,0,0
BRDA:31,6,0,3
BRDA:36,7,0,3
BRDA:37,8,0,3
BRDA:37,9,0,2
BRDA:38,10,0,3
BRDA:39,11,0,3
BRDA:88,12,0,3
BRDA:97,13,0,0
BRDA:108,14,0,1
BRDA:109,15,0,0
BRDA:120,16,0,0
BRDA:141,17,0,0
BRDA:145,18,0,1
BRDA:145,19,0,1
BRDA:155,20,0,2
BRDA:155,21,0,1
BRDA:165,22,0,1
BRDA:165,23,0,1
BRDA:188,24,0,1
BRDA:190,25,0,2
BRDA:194,26,0,0
BRDA:187,27,0,5
BRF:28
BRH:20
end_of_record
TN:
SF:src\state\status-markdown-parser.ts
FN:24,parseStatusMarkdown
FN:54,parseStatusMarkdownFile
FNF:2
FNH:2
FNDA:3,parseStatusMarkdown
FNDA:3,parseStatusMarkdownFile
DA:1,1
DA:3,1
DA:4,1
DA:24,1
DA:25,3
DA:26,3
DA:28,3
DA:29,3
DA:30,5
DA:31,5
DA:32,4
DA:33,4
DA:35,1
DA:36,1
DA:37,1
DA:38,1
DA:39,1
DA:40,1
DA:41,1
DA:42,1
DA:43,1
DA:45,3
DA:46,3
DA:47,3
DA:48,3
DA:49,3
DA:54,1
DA:55,3
DA:56,3
DA:57,3
LF:30
LH:30
BRDA:24,0,0,3
BRDA:29,1,0,5
BRDA:31,2,0,4
BRDA:33,3,0,1
BRDA:54,4,0,3
BRF:5
BRH:5
end_of_record
TN:
SF:src\views\status-icons.ts
FN:94,getWorkpackStatusIcon
FN:102,getPromptStatusIcon
FN:106,getWorkpackThemeIcon
FN:111,getPromptThemeIcon
FN:116,getWorkpackStatusSortOrder
FN:120,getPromptStatusSortOrder
FNF:6
FNH:4
FNDA:4,getWorkpackStatusIcon
FNDA:8,getPromptStatusIcon
FNDA:4,getWorkpackThemeIcon
FNDA:4,getPromptThemeIcon
FNDA:0,getWorkpackStatusSortOrder
FNDA:0,getPromptStatusSortOrder
DA:1,1
DA:14,1
DA:15,1
DA:16,1
DA:17,1
DA:18,1
DA:19,1
DA:20,1
DA:21,1
DA:22,1
DA:23,1
DA:24,1
DA:25,1
DA:26,1
DA:27,1
DA:28,1
DA:29,1
DA:30,1
DA:31,1
DA:32,1
DA:33,1
DA:34,1
DA:35,1
DA:36,1
DA:37,1
DA:38,1
DA:39,1
DA:40,1
DA:41,1
DA:42,1
DA:43,1
DA:44,1
DA:45,1
DA:46,1
DA:47,1
DA:48,1
DA:49,1
DA:50,1
DA:51,1
DA:54,1
DA:55,1
DA:56,1
DA:57,1
DA:58,1
DA:59,1
DA:60,1
DA:61,1
DA:62,1
DA:63,1
DA:64,1
DA:65,1
DA:66,1
DA:67,1
DA:68,1
DA:69,1
DA:70,1
DA:71,1
DA:72,1
DA:73,1
DA:74,1
DA:75,1
DA:76,1
DA:77,1
DA:78,1
DA:79,1
DA:80,1
DA:81,1
DA:82,1
DA:83,1
DA:84,1
DA:85,1
DA:87,1
DA:88,1
DA:89,1
DA:90,1
DA:91,1
DA:92,1
DA:94,1
DA:95,4
DA:96,0
DA:97,0
DA:99,4
DA:100,4
DA:102,1
DA:103,8
DA:104,8
DA:106,1
DA:107,4
DA:108,4
DA:109,4
DA:111,1
DA:112,4
DA:113,4
DA:114,4
DA:116,1
DA:117,0
DA:118,0
DA:120,1
DA:121,0
DA:122,0
LF:100
LH:94
BRDA:94,0,0,4
BRDA:95,1,0,0
BRDA:99,2,0,0
BRDA:102,3,0,8
BRDA:103,4,0,0
BRDA:106,5,0,4
BRDA:111,6,0,4
BRF:7
BRH:4
end_of_record
TN:
SF:src\views\workpack-tree-item.ts
FN:19,isWorkpackStatus
FN:31,isPromptStatus
FN:41,resolveContextValue
FN:69,resolveSectionIcon
FN:93,resolveFileIcon
FN:117,resolveIcon
FN:137,normalizeFilePath
FN:145,buildTreeItemId
FN:159,WorkpackTreeItem
FNF:9
FNH:8
FNDA:4,isWorkpackStatus
FNDA:4,isPromptStatus
FNDA:23,resolveContextValue
FNDA:15,resolveSectionIcon
FNDA:0,resolveFileIcon
FNDA:23,resolveIcon
FNDA:23,normalizeFilePath
FNDA:23,buildTreeItemId
FNDA:23,WorkpackTreeItem
DA:1,1
DA:2,1
DA:4,1
DA:6,1
DA:7,1
DA:8,1
DA:9,1
DA:10,1
DA:11,1
DA:12,1
DA:13,1
DA:19,4
DA:20,4
DA:21,4
DA:22,4
DA:23,4
DA:24,0
DA:25,0
DA:26,0
DA:27,0
DA:29,4
DA:31,4
DA:32,4
DA:33,4
DA:34,4
DA:35,2
DA:36,0
DA:37,0
DA:39,4
DA:41,23
DA:42,23
DA:43,4
DA:44,4
DA:46,23
DA:47,15
DA:48,15
DA:50,4
DA:51,4
DA:52,4
DA:54,0
DA:55,0
DA:56,0
DA:58,0
DA:59,0
DA:60,0
DA:62,0
DA:63,0
DA:64,0
DA:66,0
DA:67,0
DA:69,15
DA:70,15
DA:71,3
DA:72,3
DA:74,15
DA:75,3
DA:76,3
DA:78,15
DA:79,3
DA:80,3
DA:82,15
DA:83,3
DA:84,3
DA:86,3
DA:87,3
DA:88,3
DA:90,0
DA:91,0
DA:93,0
DA:94,0
DA:95,0
DA:96,0
DA:98,0
DA:99,0
DA:100,0
DA:102,0
DA:103,0
DA:104,0
DA:106,0
DA:107,0
DA:108,0
DA:110,0
DA:111,0
DA:112,0
DA:114,0
DA:115,0
DA:117,23
DA:118,23
DA:119,23
DA:120,23
DA:121,23
DA:122,23
DA:123,4
DA:124,4
DA:126,23
DA:127,4
DA:128,4
DA:130,15
DA:131,15
DA:132,15
DA:134,0
DA:135,0
DA:137,23
DA:138,23
DA:139,19
DA:140,19
DA:142,4
DA:143,4
DA:145,23
DA:146,23
DA:147,23
DA:148,23
DA:149,23
DA:150,23
DA:151,23
DA:152,23
DA:153,23
DA:154,23
DA:155,23
DA:156,23
DA:158,1
DA:159,1
DA:160,23
DA:161,23
DA:162,23
DA:163,23
DA:164,23
DA:165,23
DA:166,23
DA:167,23
DA:168,23
DA:170,23
DA:171,23
DA:172,23
DA:174,23
DA:175,4
DA:176,4
DA:177,4
DA:178,4
DA:179,4
DA:180,4
DA:181,4
DA:182,4
DA:183,4
DA:184,23
DA:185,1
LF:146
LH:107
BRDA:6,0,0,1
BRDA:19,1,0,4
BRDA:23,2,0,0
BRDA:24,3,0,0
BRDA:25,4,0,0
BRDA:26,5,0,0
BRDA:31,6,0,4
BRDA:34,7,0,2
BRDA:35,8,0,0
BRDA:36,9,0,0
BRDA:41,10,0,23
BRDA:42,11,0,4
BRDA:44,12,0,19
BRDA:46,13,0,15
BRDA:47,14,0,0
BRDA:48,15,0,4
BRDA:52,16,0,0
BRDA:69,17,0,15
BRDA:70,18,0,3
BRDA:72,19,0,12
BRDA:74,20,0,3
BRDA:76,21,0,9
BRDA:78,22,0,3
BRDA:80,23,0,6
BRDA:82,24,0,3
BRDA:88,25,0,0
BRDA:117,26,0,23
BRDA:122,27,0,4
BRDA:123,28,0,0
BRDA:124,29,0,19
BRDA:126,30,0,4
BRDA:127,31,0,0
BRDA:128,32,0,15
BRDA:132,33,0,0
BRDA:137,34,0,23
BRDA:138,35,0,19
BRDA:140,36,0,4
BRDA:145,37,0,23
BRDA:153,38,0,4
BRDA:159,39,0,23
BRDA:174,40,0,4
BRF:41
BRH:29
end_of_record
